build/app/intermediates/manifest_merge_blame_file/debug/manifest-merger-blame-debug-report.txt
1<?xml version="1.0" encoding="utf-8"?>
2<manifest xmlns:android="http://schemas.android.com/apk/res/android"
3    package="com.example.app1"
4    android:versionCode="1"
5    android:versionName="1.0.0" >
6
7    <uses-sdk
8        android:minSdkVersion="21"
9        android:targetSdkVersion="30" />
10    <!--
11         Flutter needs it to communicate with the running application
12         to allow setting breakpoints, to provide hot reload, etc.
13    -->
14    <uses-permission android:name="android.permission.INTERNET" />
14-->src/debug/AndroidManifest.xml:6:5-66
14-->src/debug/AndroidManifest.xml:6:22-64
15    <uses-permission android:name="android.permission.ACCESS_NETWORK_STATE" />
15-->[com.google.firebase:firebase-auth:21.0.3] AndroidManifest.xml:24:5-79
15-->[com.google.firebase:firebase-auth:21.0.3] AndroidManifest.xml:24:22-76
16
17    <application
18        android:name="android.app.Application"
19        android:appComponentFactory="androidx.core.app.CoreComponentFactory"
19-->[androidx.core:core:1.7.0] AndroidManifest.xml:24:18-86
20        android:debuggable="true"
21        android:icon="@mipmap/launcher_icon"
22        android:label="MyNotes" >
23        <activity
24            android:name="com.example.app1.MainActivity"
25            android:configChanges="orientation|keyboardHidden|keyboard|screenSize|smallestScreenSize|locale|layoutDirection|fontScale|screenLayout|density|uiMode"
26            android:exported="true"
27            android:hardwareAccelerated="true"
28            android:launchMode="singleTop"
29            android:theme="@style/LaunchTheme"
30            android:windowSoftInputMode="adjustResize" >
31
32            <!--
33                 Specifies an Android theme to apply to this Activity as soon as
34                 the Android process has started. This theme is visible to the user
35                 while the Flutter UI initializes. After that, this theme continues
36                 to determine the Window background behind the Flutter UI.
37            -->
38            <meta-data
39                android:name="io.flutter.embedding.android.NormalTheme"
40                android:resource="@style/NormalTheme" />
41
42            <intent-filter>
43                <action android:name="android.intent.action.MAIN" />
44
45                <category android:name="android.intent.category.LAUNCHER" />
46            </intent-filter>
47        </activity>
48        <!--
49             Don't delete the meta-data below.
50             This is used by the Flutter tool to generate GeneratedPluginRegistrant.java
51        -->
52        <meta-data
53            android:name="flutterEmbedding"
54            android:value="2" />
55
56        <service
56-->[:firebase_auth] AndroidManifest.xml:8:9-12:19
57            android:name="com.google.firebase.components.ComponentDiscoveryService"
57-->[:firebase_auth] AndroidManifest.xml:8:18-89
58            android:directBootAware="true"
58-->[com.google.firebase:firebase-common:20.1.0] AndroidManifest.xml:35:13-43
59            android:exported="false" >
59-->[com.google.firebase:firebase-auth:21.0.3] AndroidManifest.xml:66:13-37
60            <meta-data
60-->[:firebase_auth] AndroidManifest.xml:9:13-11:85
61                android:name="com.google.firebase.components:io.flutter.plugins.firebase.auth.FlutterFirebaseAuthRegistrar"
61-->[:firebase_auth] AndroidManifest.xml:10:17-124
62                android:value="com.google.firebase.components.ComponentRegistrar" />
62-->[:firebase_auth] AndroidManifest.xml:11:17-82
63            <meta-data
63-->[:cloud_firestore] AndroidManifest.xml:9:13-11:85
64                android:name="com.google.firebase.components:io.flutter.plugins.firebase.firestore.FlutterFirebaseFirestoreRegistrar"
64-->[:cloud_firestore] AndroidManifest.xml:10:17-134
65                android:value="com.google.firebase.components.ComponentRegistrar" />
65-->[:cloud_firestore] AndroidManifest.xml:11:17-82
66            <meta-data
66-->[:firebase_core] AndroidManifest.xml:9:13-11:85
67                android:name="com.google.firebase.components:io.flutter.plugins.firebase.core.FlutterFirebaseCoreRegistrar"
67-->[:firebase_core] AndroidManifest.xml:10:17-124
68                android:value="com.google.firebase.components.ComponentRegistrar" />
68-->[:firebase_core] AndroidManifest.xml:11:17-82
69            <meta-data
69-->[com.google.firebase:firebase-auth:21.0.3] AndroidManifest.xml:67:13-69:85
70                android:name="com.google.firebase.components:com.google.firebase.auth.FirebaseAuthRegistrar"
70-->[com.google.firebase:firebase-auth:21.0.3] AndroidManifest.xml:68:17-109
71                android:value="com.google.firebase.components.ComponentRegistrar" />
71-->[com.google.firebase:firebase-auth:21.0.3] AndroidManifest.xml:69:17-82
72            <meta-data
72-->[com.google.firebase:firebase-firestore:24.1.0] AndroidManifest.xml:20:13-22:85
73                android:name="com.google.firebase.components:com.google.firebase.firestore.FirestoreRegistrar"
73-->[com.google.firebase:firebase-firestore:24.1.0] AndroidManifest.xml:21:17-111
74                android:value="com.google.firebase.components.ComponentRegistrar" />
74-->[com.google.firebase:firebase-firestore:24.1.0] AndroidManifest.xml:22:17-82
75        </service>
76
77        <provider
77-->[:share_plus] AndroidManifest.xml:8:9-16:20
78            android:name="dev.fluttercommunity.plus.share.ShareFileProvider"
78-->[:share_plus] AndroidManifest.xml:9:13-77
79            android:authorities="com.example.app1.flutter.share_provider"
79-->[:share_plus] AndroidManifest.xml:10:13-74
80            android:exported="false"
80-->[:share_plus] AndroidManifest.xml:11:13-37
81            android:grantUriPermissions="true" >
81-->[:share_plus] AndroidManifest.xml:12:13-47
82            <meta-data
82-->[:share_plus] AndroidManifest.xml:13:13-15:68
83                android:name="android.support.FILE_PROVIDER_PATHS"
83-->[:share_plus] AndroidManifest.xml:14:17-67
84                android:resource="@xml/flutter_share_file_paths" />
84-->[:share_plus] AndroidManifest.xml:15:17-65
85        </provider>
86
87        <activity
87-->[:url_launcher_android] AndroidManifest.xml:8:9-11:74
88            android:name="io.flutter.plugins.urllauncher.WebViewActivity"
88-->[:url_launcher_android] AndroidManifest.xml:9:13-74
89            android:exported="false"
89-->[:url_launcher_android] AndroidManifest.xml:10:13-37
90            android:theme="@android:style/Theme.NoTitleBar.Fullscreen" />
90-->[:url_launcher_android] AndroidManifest.xml:11:13-71
91
92        <uses-library
92-->[androidx.window:window:1.0.0-beta04] AndroidManifest.xml:25:9-27:40
93            android:name="androidx.window.extensions"
93-->[androidx.window:window:1.0.0-beta04] AndroidManifest.xml:26:13-54
94            android:required="false" />
94-->[androidx.window:window:1.0.0-beta04] AndroidManifest.xml:27:13-37
95        <uses-library
95-->[androidx.window:window:1.0.0-beta04] AndroidManifest.xml:28:9-30:40
96            android:name="androidx.window.sidecar"
96-->[androidx.window:window:1.0.0-beta04] AndroidManifest.xml:29:13-51
97            android:required="false" />
97-->[androidx.window:window:1.0.0-beta04] AndroidManifest.xml:30:13-37
98
99        <activity
99-->[com.google.firebase:firebase-auth:21.0.3] AndroidManifest.xml:27:9-44:20
100            android:name="com.google.firebase.auth.internal.GenericIdpActivity"
100-->[com.google.firebase:firebase-auth:21.0.3] AndroidManifest.xml:28:13-80
101            android:excludeFromRecents="true"
101-->[com.google.firebase:firebase-auth:21.0.3] AndroidManifest.xml:29:13-46
102            android:exported="true"
102-->[com.google.firebase:firebase-auth:21.0.3] AndroidManifest.xml:30:13-36
103            android:launchMode="singleTask"
103-->[com.google.firebase:firebase-auth:21.0.3] AndroidManifest.xml:31:13-44
104            android:theme="@android:style/Theme.Translucent.NoTitleBar" >
104-->[com.google.firebase:firebase-auth:21.0.3] AndroidManifest.xml:32:13-72
105            <intent-filter>
105-->[com.google.firebase:firebase-auth:21.0.3] AndroidManifest.xml:33:13-43:29
106                <action android:name="android.intent.action.VIEW" />
106-->[com.google.firebase:firebase-auth:21.0.3] AndroidManifest.xml:34:17-69
106-->[com.google.firebase:firebase-auth:21.0.3] AndroidManifest.xml:34:25-66
107
108                <category android:name="android.intent.category.DEFAULT" />
108-->[com.google.firebase:firebase-auth:21.0.3] AndroidManifest.xml:36:17-76
108-->[com.google.firebase:firebase-auth:21.0.3] AndroidManifest.xml:36:27-73
109                <category android:name="android.intent.category.BROWSABLE" />
109-->[com.google.firebase:firebase-auth:21.0.3] AndroidManifest.xml:37:17-78
109-->[com.google.firebase:firebase-auth:21.0.3] AndroidManifest.xml:37:27-75
110
111                <data
111-->[com.google.firebase:firebase-auth:21.0.3] AndroidManifest.xml:39:17-42:51
112                    android:host="firebase.auth"
112-->[com.google.firebase:firebase-auth:21.0.3] AndroidManifest.xml:40:21-49
113                    android:path="/"
113-->[com.google.firebase:firebase-auth:21.0.3] AndroidManifest.xml:41:21-37
114                    android:scheme="genericidp" />
114-->[com.google.firebase:firebase-auth:21.0.3] AndroidManifest.xml:42:21-48
115            </intent-filter>
116        </activity>
117        <activity
117-->[com.google.firebase:firebase-auth:21.0.3] AndroidManifest.xml:45:9-62:20
118            android:name="com.google.firebase.auth.internal.RecaptchaActivity"
118-->[com.google.firebase:firebase-auth:21.0.3] AndroidManifest.xml:46:13-79
119            android:excludeFromRecents="true"
119-->[com.google.firebase:firebase-auth:21.0.3] AndroidManifest.xml:47:13-46
120            android:exported="true"
120-->[com.google.firebase:firebase-auth:21.0.3] AndroidManifest.xml:48:13-36
121            android:launchMode="singleTask"
121-->[com.google.firebase:firebase-auth:21.0.3] AndroidManifest.xml:49:13-44
122            android:theme="@android:style/Theme.Translucent.NoTitleBar" >
122-->[com.google.firebase:firebase-auth:21.0.3] AndroidManifest.xml:50:13-72
123            <intent-filter>
123-->[com.google.firebase:firebase-auth:21.0.3] AndroidManifest.xml:51:13-61:29
124                <action android:name="android.intent.action.VIEW" />
124-->[com.google.firebase:firebase-auth:21.0.3] AndroidManifest.xml:34:17-69
124-->[com.google.firebase:firebase-auth:21.0.3] AndroidManifest.xml:34:25-66
125
126                <category android:name="android.intent.category.DEFAULT" />
126-->[com.google.firebase:firebase-auth:21.0.3] AndroidManifest.xml:36:17-76
126-->[com.google.firebase:firebase-auth:21.0.3] AndroidManifest.xml:36:27-73
127                <category android:name="android.intent.category.BROWSABLE" />
127-->[com.google.firebase:firebase-auth:21.0.3] AndroidManifest.xml:37:17-78
127-->[com.google.firebase:firebase-auth:21.0.3] AndroidManifest.xml:37:27-75
128
129                <data
129-->[com.google.firebase:firebase-auth:21.0.3] AndroidManifest.xml:39:17-42:51
130                    android:host="firebase.auth"
130-->[com.google.firebase:firebase-auth:21.0.3] AndroidManifest.xml:40:21-49
131                    android:path="/"
131-->[com.google.firebase:firebase-auth:21.0.3] AndroidManifest.xml:41:21-37
132                    android:scheme="recaptcha" />
132-->[com.google.firebase:firebase-auth:21.0.3] AndroidManifest.xml:42:21-48
133            </intent-filter>
134        </activity>
135
136        <provider
136-->[com.google.firebase:firebase-common:20.1.0] AndroidManifest.xml:26:9-31:39
137            android:name="com.google.firebase.provider.FirebaseInitProvider"
137-->[com.google.firebase:firebase-common:20.1.0] AndroidManifest.xml:27:13-77
138            android:authorities="com.example.app1.firebaseinitprovider"
138-->[com.google.firebase:firebase-common:20.1.0] AndroidManifest.xml:28:13-72
139            android:directBootAware="true"
139-->[com.google.firebase:firebase-common:20.1.0] AndroidManifest.xml:29:13-43
140            android:exported="false"
140-->[com.google.firebase:firebase-common:20.1.0] AndroidManifest.xml:30:13-37
141            android:initOrder="100" />
141-->[com.google.firebase:firebase-common:20.1.0] AndroidManifest.xml:31:13-36
142
143        <activity
143-->[com.google.android.gms:play-services-base:18.0.1] AndroidManifest.xml:20:9-22:45
144            android:name="com.google.android.gms.common.api.GoogleApiActivity"
144-->[com.google.android.gms:play-services-base:18.0.1] AndroidManifest.xml:20:19-85
145            android:exported="false"
145-->[com.google.android.gms:play-services-base:18.0.1] AndroidManifest.xml:22:19-43
146            android:theme="@android:style/Theme.Translucent.NoTitleBar" />
146-->[com.google.android.gms:play-services-base:18.0.1] AndroidManifest.xml:21:19-78
147
148        <meta-data
148-->[com.google.android.gms:play-services-basement:18.0.0] AndroidManifest.xml:21:9-23:69
149            android:name="com.google.android.gms.version"
149-->[com.google.android.gms:play-services-basement:18.0.0] AndroidManifest.xml:22:13-58
150            android:value="@integer/google_play_services_version" />
150-->[com.google.android.gms:play-services-basement:18.0.0] AndroidManifest.xml:23:13-66
151    </application>
152
153</manifest>